<?xml version="1.0" encoding="UTF-8"?>
<!-- Generated by org.testng.reporters.JUnitReportReporter -->
<testsuite hostname="ES-LAPTOP-680" failures="0" tests="1" name="TestNG.ReadDatafromXmlFile" time="14.473" errors="0" timestamp="2023-10-11T08:45:44 IST" skipped="0">
  <testcase classname="TestNG.ReadDatafromXmlFile" name="login" time="14.473"/>
</testsuite> <!-- TestNG.ReadDatafromXmlFile -->
