<?xml version="1.0" encoding="UTF-8"?>
<!-- Generated by org.testng.reporters.JUnitReportReporter -->
<testsuite hostname="ES-LAPTOP-680" failures="0" tests="3" name="TestNG.SkipTest" time="0.014" errors="0" timestamp="2023-10-10T10:57:44 IST" skipped="2">
  <testcase classname="TestNG.SkipTest" name="skipTest2" time="0.011">
    <skipped/>
  </testcase> <!-- skipTest2 -->
  <testcase classname="TestNG.SkipTest" name="skipTest3" time="0.003"/>
  <testcase classname="TestNG.SkipTest" name="skipTest1">
    <skipped/>
  </testcase> <!-- skipTest1 -->
</testsuite> <!-- TestNG.SkipTest -->
