<?xml version="1.0" encoding="UTF-8"?>
<!-- Generated by org.testng.reporters.JUnitReportReporter -->
<testsuite hostname="ES-LAPTOP-680" failures="0" tests="3" name="TestNG.GroupsExcecution" time="0.008" errors="0" timestamp="2023-10-10T14:52:35 IST" skipped="0">
  <testcase classname="TestNG.GroupsExcecution" name="login1" time="0.005"/>
  <testcase classname="TestNG.GroupsExcecution" name="login2" time="0.001"/>
  <testcase classname="TestNG.GroupsExcecution" name="logout1" time="0.002"/>
</testsuite> <!-- TestNG.GroupsExcecution -->
