<?xml version="1.0" encoding="UTF-8"?>
<!-- Generated by org.testng.reporters.JUnitReportReporter -->
<testsuite hostname="ES-LAPTOP-680" failures="0" tests="2" name="TestNG.Assertions" time="22.524" errors="0" timestamp="2023-10-10T08:49:26 IST" skipped="0">
  <testcase classname="TestNG.Assertions" name="GetTitle" time="11.197"/>
  <testcase classname="TestNG.Assertions" name="GetTitle" time="11.327"/>
</testsuite> <!-- TestNG.Assertions -->
