<?xml version="1.0" encoding="UTF-8"?>
<!-- Generated by org.testng.reporters.JUnitReportReporter -->
<testsuite hostname="ES-LAPTOP-680" failures="0" tests="8" name="TestNG.DataProviderTest1" time="19.695" errors="0" timestamp="2023-10-10T20:26:47 IST" skipped="0">
  <testcase classname="TestNG.DataProviderTest1" name="Test1" time="5.744"/>
  <testcase classname="TestNG.DataProviderTest1" name="Test2" time="0.003"/>
  <testcase classname="TestNG.DataProviderTest1" name="Test1" time="4.590"/>
  <testcase classname="TestNG.DataProviderTest1" name="Test1" time="4.869"/>
  <testcase classname="TestNG.DataProviderTest1" name="Test1" time="4.485"/>
  <testcase classname="TestNG.DataProviderTest1" name="Test2" time="0.001"/>
  <testcase classname="TestNG.DataProviderTest1" name="Test2" time="0.001"/>
  <testcase classname="TestNG.DataProviderTest1" name="Test2" time="0.002"/>
</testsuite> <!-- TestNG.DataProviderTest1 -->
