<?xml version="1.0" encoding="UTF-8"?>
<!-- Generated by org.testng.reporters.JUnitReportReporter -->
<testsuite hostname="ES-LAPTOP-680" failures="0" tests="4" name="TestNG.SampleTestNG1" time="0.014" errors="0" timestamp="2023-10-10T08:49:26 IST" skipped="0">
  <testcase classname="TestNG.SampleTestNG1" name="HelloJava" time="0.004"/>
  <testcase classname="TestNG.SampleTestNG1" name="HelloJava" time="0.008"/>
  <testcase classname="TestNG.SampleTestNG1" name="HelloWord" time="0.002"/>
  <testcase classname="TestNG.SampleTestNG1" name="HelloWord" time="0.000"/>
</testsuite> <!-- TestNG.SampleTestNG1 -->
