<?xml version="1.0" encoding="UTF-8"?>
<!-- Generated by org.testng.reporters.JUnitReportReporter -->
<testsuite hostname="ES-LAPTOP-680" failures="0" tests="1" name="TestNG.BeforeAfterAnotations" time="0.004" errors="0" timestamp="2023-10-10T14:54:23 IST" skipped="0">
  <testcase classname="TestNG.BeforeAfterAnotations" name="login" time="0.004"/>
</testsuite> <!-- TestNG.BeforeAfterAnotations -->
